d:\taolu\projects\ruby-fiddle-msvc-\fiddle\fiddle\x64\release\vc141.pdb
d:\taolu\projects\ruby-fiddle-msvc-\fiddle\fiddle\x64\release\pointer.obj
d:\taolu\projects\ruby-fiddle-msvc-\fiddle\fiddle\x64\release\handle.obj
d:\taolu\projects\ruby-fiddle-msvc-\fiddle\fiddle\x64\release\function.obj
d:\taolu\projects\ruby-fiddle-msvc-\fiddle\fiddle\x64\release\fiddle.obj
d:\taolu\projects\ruby-fiddle-msvc-\fiddle\fiddle\x64\release\conversions.obj
d:\taolu\projects\ruby-fiddle-msvc-\fiddle\fiddle\x64\release\closure.obj
d:\taolu\projects\ruby-fiddle-msvc-\fiddle\fiddle\x64\release\fiddle.tlog\cl.command.1.tlog
d:\taolu\projects\ruby-fiddle-msvc-\fiddle\fiddle\x64\release\fiddle.tlog\cl.read.1.tlog
d:\taolu\projects\ruby-fiddle-msvc-\fiddle\fiddle\x64\release\fiddle.tlog\cl.write.1.tlog
d:\taolu\projects\ruby-fiddle-msvc-\fiddle\fiddle\x64\release\fiddle.tlog\link.18584.read.1.tlog
d:\taolu\projects\ruby-fiddle-msvc-\fiddle\fiddle\x64\release\fiddle.tlog\link.18584.write.1.tlog
d:\taolu\projects\ruby-fiddle-msvc-\fiddle\fiddle\x64\release\fiddle.tlog\link.18856.read.1.tlog
d:\taolu\projects\ruby-fiddle-msvc-\fiddle\fiddle\x64\release\fiddle.tlog\link.18856.write.1.tlog
d:\taolu\projects\ruby-fiddle-msvc-\fiddle\fiddle\x64\release\fiddle.tlog\link.19768.read.1.tlog
d:\taolu\projects\ruby-fiddle-msvc-\fiddle\fiddle\x64\release\fiddle.tlog\link.19768.write.1.tlog
d:\taolu\projects\ruby-fiddle-msvc-\fiddle\fiddle\x64\release\fiddle.tlog\link.21520.read.1.tlog
d:\taolu\projects\ruby-fiddle-msvc-\fiddle\fiddle\x64\release\fiddle.tlog\link.21520.write.1.tlog
d:\taolu\projects\ruby-fiddle-msvc-\fiddle\fiddle\x64\release\fiddle.tlog\link.21720.read.1.tlog
d:\taolu\projects\ruby-fiddle-msvc-\fiddle\fiddle\x64\release\fiddle.tlog\link.21720.write.1.tlog
d:\taolu\projects\ruby-fiddle-msvc-\fiddle\fiddle\x64\release\fiddle.tlog\link.23012.read.1.tlog
d:\taolu\projects\ruby-fiddle-msvc-\fiddle\fiddle\x64\release\fiddle.tlog\link.23012.write.1.tlog
d:\taolu\projects\ruby-fiddle-msvc-\fiddle\fiddle\x64\release\fiddle.tlog\link.command.1.tlog
d:\taolu\projects\ruby-fiddle-msvc-\fiddle\fiddle\x64\release\fiddle.tlog\link.read.1.tlog
d:\taolu\projects\ruby-fiddle-msvc-\fiddle\fiddle\x64\release\fiddle.tlog\link.write.1.tlog
